<?xml version="1.0" encoding="UTF-8"?>
<!-- Generated by org.testng.reporters.JUnitReportReporter -->
<testsuite hostname="DESKTOP-GG44NVM" failures="0" tests="1" name="driverFactory.AppTest" time="92.916" errors="0" timestamp="2024-08-15T16:36:01 IST" skipped="0">
  <testcase classname="driverFactory.AppTest" name="kickStart" time="92.916"/>
</testsuite> <!-- driverFactory.AppTest -->
